0 info it worked if it ends with ok
1 verbose cli [ 'C:\\Program Files\\nodejs\\\\node.exe',
1 verbose cli   'C:\\Program Files\\nodejs\\node_modules\\npm\\bin\\npm-cli.js',
1 verbose cli   'install',
1 verbose cli   'imagemin.js' ]
2 info using npm@1.4.28
3 info using node@v0.10.32
4 verbose node symlink C:\Program Files\nodejs\\node.exe
5 warn package.json cuantoqueda@0.0.0 No repository field.
6 verbose readDependencies using package.json deps
7 verbose cache add [ 'imagemin.js', null ]
8 verbose cache add name=undefined spec="imagemin.js" args=["imagemin.js",null]
9 verbose parsed url { protocol: null,
9 verbose parsed url   slashes: null,
9 verbose parsed url   auth: null,
9 verbose parsed url   host: null,
9 verbose parsed url   port: null,
9 verbose parsed url   hostname: null,
9 verbose parsed url   hash: null,
9 verbose parsed url   search: null,
9 verbose parsed url   query: null,
9 verbose parsed url   pathname: 'imagemin.js',
9 verbose parsed url   path: 'imagemin.js',
9 verbose parsed url   href: 'imagemin.js' }
10 silly lockFile 4b2991df-imagemin-js imagemin.js
11 verbose lock imagemin.js C:\Users\rlobo\AppData\Roaming\npm-cache\4b2991df-imagemin-js.lock
12 silly lockFile 4b2991df-imagemin-js imagemin.js
13 silly lockFile 4b2991df-imagemin-js imagemin.js
14 verbose addNamed [ 'imagemin.js', '' ]
15 verbose addNamed [ null, '*' ]
16 silly lockFile 30ac6444-imagemin-js imagemin.js@
17 verbose lock imagemin.js@ C:\Users\rlobo\AppData\Roaming\npm-cache\30ac6444-imagemin-js.lock
18 silly addNameRange { name: 'imagemin.js', range: '*', hasData: false }
19 verbose request where is /imagemin.js
20 verbose request registry https://registry.npmjs.org/
21 verbose request id 4c374b67829791c5
22 verbose url raw /imagemin.js
23 verbose url resolving [ 'https://registry.npmjs.org/', './imagemin.js' ]
24 verbose url resolved https://registry.npmjs.org/imagemin.js
25 verbose request where is https://registry.npmjs.org/imagemin.js
26 info trying registry request attempt 1 at 15:08:14
27 http GET https://registry.npmjs.org/imagemin.js
28 http 404 https://registry.npmjs.org/imagemin.js
29 verbose headers { date: 'Tue, 14 Oct 2014 21:08:17 GMT',
29 verbose headers   server: 'CouchDB/1.5.0 (Erlang OTP/R16B03)',
29 verbose headers   'content-type': 'application/json',
29 verbose headers   'cache-control': 'max-age=0',
29 verbose headers   'content-length': '52',
29 verbose headers   'accept-ranges': 'bytes',
29 verbose headers   via: '1.1 varnish',
29 verbose headers   age: '0',
29 verbose headers   'x-served-by': 'cache-jfk1026-JFK',
29 verbose headers   'x-cache': 'MISS',
29 verbose headers   'x-cache-hits': '0',
29 verbose headers   'x-timer': 'S1413320896.650522,VS0,VE725',
29 verbose headers   'keep-alive': 'timeout=10, max=50',
29 verbose headers   connection: 'Keep-Alive' }
30 silly registry.get cb [ 404,
30 silly registry.get   { date: 'Tue, 14 Oct 2014 21:08:17 GMT',
30 silly registry.get     server: 'CouchDB/1.5.0 (Erlang OTP/R16B03)',
30 silly registry.get     'content-type': 'application/json',
30 silly registry.get     'cache-control': 'max-age=0',
30 silly registry.get     'content-length': '52',
30 silly registry.get     'accept-ranges': 'bytes',
30 silly registry.get     via: '1.1 varnish',
30 silly registry.get     age: '0',
30 silly registry.get     'x-served-by': 'cache-jfk1026-JFK',
30 silly registry.get     'x-cache': 'MISS',
30 silly registry.get     'x-cache-hits': '0',
30 silly registry.get     'x-timer': 'S1413320896.650522,VS0,VE725',
30 silly registry.get     'keep-alive': 'timeout=10, max=50',
30 silly registry.get     connection: 'Keep-Alive' } ]
31 silly lockFile 30ac6444-imagemin-js imagemin.js@
32 silly lockFile 30ac6444-imagemin-js imagemin.js@
33 error 404 404 Not Found: imagemin.js
33 error 404
33 error 404 'imagemin.js' is not in the npm registry.
33 error 404 You should bug the author to publish it
33 error 404 It was specified as a dependency of 'cuantoqueda'
33 error 404
33 error 404 Maybe try 'npm search imagemin'
33 error 404
33 error 404 Note that you can also install from a
33 error 404 tarball, folder, or http url, or git url.
34 error System Windows_NT 6.1.7601
35 error command "C:\\Program Files\\nodejs\\\\node.exe" "C:\\Program Files\\nodejs\\node_modules\\npm\\bin\\npm-cli.js" "install" "imagemin.js"
36 error cwd C:\Users\rlobo\progra\comoquedan
37 error node -v v0.10.32
38 error npm -v 1.4.28
39 error code E404
40 verbose exit [ 1, true ]
